e:\peworkspace\build-intermediate\x32\debug\luasocket_dist-win32d3d9\options.obj
e:\peworkspace\build-intermediate\x32\debug\luasocket_dist-win32d3d9\udp.obj
e:\peworkspace\build-intermediate\x32\debug\luasocket_dist-win32d3d9\except.obj
e:\peworkspace\build-intermediate\x32\debug\luasocket_dist-win32d3d9\inet.obj
e:\peworkspace\build-intermediate\x32\debug\luasocket_dist-win32d3d9\io.obj
e:\peworkspace\build-intermediate\x32\debug\luasocket_dist-win32d3d9\luasocket.obj
e:\peworkspace\build-intermediate\x32\debug\luasocket_dist-win32d3d9\select.obj
e:\peworkspace\build-intermediate\x32\debug\luasocket_dist-win32d3d9\tcp.obj
e:\peworkspace\build-intermediate\x32\debug\luasocket_dist-win32d3d9\mime.obj
e:\peworkspace\build-intermediate\x32\debug\luasocket_dist-win32d3d9\timeout.obj
e:\peworkspace\build-intermediate\x32\debug\luasocket_dist-win32d3d9\buffer.obj
e:\peworkspace\build-intermediate\x32\debug\luasocket_dist-win32d3d9\auxiliar.obj
e:\peworkspace\build-intermediate\x32\debug\luasocket_dist-win32d3d9\wsocket.obj
e:\peworkspace\build\luasocket_dist-win32d3d9.pdb
e:\peworkspace\build\luasocket_dist-win32d3d9.lib
e:\peworkspace\build-intermediate\x32\debug\luasocket_dist-win32d3d9\luasocke.97c1fded.tlog\cl.11340.write.1.tlog
e:\peworkspace\build-intermediate\x32\debug\luasocket_dist-win32d3d9\luasocke.97c1fded.tlog\cl.command.1.tlog
e:\peworkspace\build-intermediate\x32\debug\luasocket_dist-win32d3d9\luasocke.97c1fded.tlog\cl.read.1.tlog
e:\peworkspace\build-intermediate\x32\debug\luasocket_dist-win32d3d9\luasocke.97c1fded.tlog\lib-link.read.1.tlog
e:\peworkspace\build-intermediate\x32\debug\luasocket_dist-win32d3d9\luasocke.97c1fded.tlog\lib-link.write.1.tlog
e:\peworkspace\build-intermediate\x32\debug\luasocket_dist-win32d3d9\luasocke.97c1fded.tlog\lib.command.1.tlog
