e:\peworkspace\build\primeengine-win32d3d9.pdb
e:\peworkspace\build\primeengine-win32d3d9.idb
e:\peworkspace\build-intermediate\x32\debug\primeengine-win32d3d9\nums_spe.obj
e:\peworkspace\build-intermediate\x32\debug\primeengine-win32d3d9\effect_lua.obj
e:\peworkspace\build-intermediate\x32\debug\primeengine-win32d3d9\texture_drawableintocolortexture.obj
e:\peworkspace\build-intermediate\x32\debug\primeengine-win32d3d9\eventqueue.obj
e:\peworkspace\build-intermediate\x32\debug\primeengine-win32d3d9\indexbuffercpu.obj
e:\peworkspace\build-intermediate\x32\debug\primeengine-win32d3d9\particlesystemcpu.obj
e:\peworkspace\build-intermediate\x32\debug\primeengine-win32d3d9\serverluaenvironment.obj
e:\peworkspace\build-intermediate\x32\debug\primeengine-win32d3d9\physicsmanager.obj
e:\peworkspace\build-intermediate\x32\debug\primeengine-win32d3d9\cameramanager.obj
e:\peworkspace\build-intermediate\x32\debug\primeengine-win32d3d9\meshmanager.obj
e:\peworkspace\build-intermediate\x32\debug\primeengine-win32d3d9\d3d11_resourcebuffergpu.obj
e:\peworkspace\build-intermediate\x32\debug\primeengine-win32d3d9\glslattributes.obj
e:\peworkspace\build-intermediate\x32\debug\primeengine-win32d3d9\resourcebuffergpu.obj
e:\peworkspace\build-intermediate\x32\debug\primeengine-win32d3d9\vertexbuffergpu.obj
e:\peworkspace\build-intermediate\x32\debug\primeengine-win32d3d9\event.obj
e:\peworkspace\build-intermediate\x32\debug\primeengine-win32d3d9\colorbuffercpu.obj
e:\peworkspace\build-intermediate\x32\debug\primeengine-win32d3d9\particlebuffercpu.obj
e:\peworkspace\build-intermediate\x32\debug\primeengine-win32d3d9\eventdatacreators.obj
e:\peworkspace\build-intermediate\x32\debug\primeengine-win32d3d9\sa_bind_resource.obj
e:\peworkspace\build-intermediate\x32\debug\primeengine-win32d3d9\debugrenderer.obj
e:\peworkspace\build-intermediate\x32\debug\primeengine-win32d3d9\soundmanager.obj
e:\peworkspace\build-intermediate\x32\debug\primeengine-win32d3d9\d3d11_vertexbuffergpu.obj
e:\peworkspace\build-intermediate\x32\debug\primeengine-win32d3d9\perasterizerstate.obj
e:\peworkspace\build-intermediate\x32\debug\primeengine-win32d3d9\gpumaterial.obj
e:\peworkspace\build-intermediate\x32\debug\primeengine-win32d3d9\camera.obj
e:\peworkspace\build-intermediate\x32\debug\primeengine-win32d3d9\normalbuffercpumanager.obj
e:\peworkspace\build-intermediate\x32\debug\primeengine-win32d3d9\texcoordbuffercpu.obj
e:\peworkspace\build-intermediate\x32\debug\primeengine-win32d3d9\streammanager.obj
e:\peworkspace\build-intermediate\x32\debug\primeengine-win32d3d9\setperframeconstantsshaderaction.obj
e:\peworkspace\build-intermediate\x32\debug\primeengine-win32d3d9\linemesh.obj
e:\peworkspace\build-intermediate\x32\debug\primeengine-win32d3d9\pestring.obj
e:\peworkspace\build-intermediate\x32\debug\primeengine-win32d3d9\effectmanagereffects.obj
e:\peworkspace\build-intermediate\x32\debug\primeengine-win32d3d9\texture_dds_loader_d3d.obj
e:\peworkspace\build-intermediate\x32\debug\primeengine-win32d3d9\clientgame.obj
e:\peworkspace\build-intermediate\x32\debug\primeengine-win32d3d9\animationcpu.obj
e:\peworkspace\build-intermediate\x32\debug\primeengine-win32d3d9\cameraops.obj
e:\peworkspace\build-intermediate\x32\debug\primeengine-win32d3d9\miscshaderactions.obj
e:\peworkspace\build-intermediate\x32\debug\primeengine-win32d3d9\camerascenenode.obj
e:\peworkspace\build-intermediate\x32\debug\primeengine-win32d3d9\rootscenenode.obj
e:\peworkspace\build-intermediate\x32\debug\primeengine-win32d3d9\effect_gl.obj
e:\peworkspace\build-intermediate\x32\debug\primeengine-win32d3d9\ogl_vertexbuffergpu.obj
e:\peworkspace\build-intermediate\x32\debug\primeengine-win32d3d9\texture_drawableintocolortexturearray.obj
e:\peworkspace\build-intermediate\x32\debug\primeengine-win32d3d9\standardcontrollerevents.obj
e:\peworkspace\build-intermediate\x32\debug\primeengine-win32d3d9\materialcpu.obj
e:\peworkspace\build-intermediate\x32\debug\primeengine-win32d3d9\positionbuffercpu.obj
e:\peworkspace\build-intermediate\x32\debug\primeengine-win32d3d9\luaenvironment.obj
e:\peworkspace\build-intermediate\x32\debug\primeengine-win32d3d9\setinstancecontrolconstantsshaderaction.obj
e:\peworkspace\build-intermediate\x32\debug\primeengine-win32d3d9\light.obj
e:\peworkspace\build-intermediate\x32\debug\primeengine-win32d3d9\textmesh.obj
e:\peworkspace\build-intermediate\x32\debug\primeengine-win32d3d9\effectmanager.obj
e:\peworkspace\build-intermediate\x32\debug\primeengine-win32d3d9\input.obj
e:\peworkspace\build-intermediate\x32\debug\primeengine-win32d3d9\winapplication.obj
e:\peworkspace\build-intermediate\x32\debug\primeengine-win32d3d9\defaultgamecontrols.obj
e:\peworkspace\build-intermediate\x32\debug\primeengine-win32d3d9\fireparticlesystemcpu.obj
e:\peworkspace\build-intermediate\x32\debug\primeengine-win32d3d9\clientluaenvironment.obj
e:\peworkspace\build-intermediate\x32\debug\primeengine-win32d3d9\serverconnectionmanager.obj
e:\peworkspace\build-intermediate\x32\debug\primeengine-win32d3d9\setpermaterialconstantsshaderaction.obj
e:\peworkspace\build-intermediate\x32\debug\primeengine-win32d3d9\meshinstance.obj
e:\peworkspace\build-intermediate\x32\debug\primeengine-win32d3d9\d3d9_indexbuffergpu.obj
e:\peworkspace\build-intermediate\x32\debug\primeengine-win32d3d9\animsetbuffergpu.obj
e:\peworkspace\build-intermediate\x32\debug\primeengine-win32d3d9\wintimer.obj
e:\peworkspace\build-intermediate\x32\debug\primeengine-win32d3d9\servergame.obj
e:\peworkspace\build-intermediate\x32\debug\primeengine-win32d3d9\animationsetcpu.obj
e:\peworkspace\build-intermediate\x32\debug\primeengine-win32d3d9\memorymanager.obj
e:\peworkspace\build-intermediate\x32\debug\primeengine-win32d3d9\irenderer.obj
e:\peworkspace\build-intermediate\x32\debug\primeengine-win32d3d9\setperobjectconstantsshaderaction.obj
e:\peworkspace\build-intermediate\x32\debug\primeengine-win32d3d9\skyvolumemesh.obj
e:\peworkspace\build-intermediate\x32\debug\primeengine-win32d3d9\d3d11_indexbuffergpu.obj
e:\peworkspace\build-intermediate\x32\debug\primeengine-win32d3d9\pealphablendstate.obj
e:\peworkspace\build-intermediate\x32\debug\primeengine-win32d3d9\vertexbuffergpumanager.obj
e:\peworkspace\build-intermediate\x32\debug\primeengine-win32d3d9\filereader.obj
e:\peworkspace\build-intermediate\x32\debug\primeengine-win32d3d9\bladefireparticlesystemcpu.obj
e:\peworkspace\build-intermediate\x32\debug\primeengine-win32d3d9\texcoordbuffercpumanager.obj
e:\peworkspace\build-intermediate\x32\debug\primeengine-win32d3d9\particlesystem.obj
e:\peworkspace\build-intermediate\x32\debug\primeengine-win32d3d9\drawlist.obj
e:\peworkspace\build-intermediate\x32\debug\primeengine-win32d3d9\dir.obj
e:\peworkspace\build-intermediate\x32\debug\primeengine-win32d3d9\effect_d3d9.obj
e:\peworkspace\build-intermediate\x32\debug\primeengine-win32d3d9\texture_dds_loader_common.obj
e:\peworkspace\build-intermediate\x32\debug\primeengine-win32d3d9\globalregistry.obj
e:\peworkspace\build-intermediate\x32\debug\primeengine-win32d3d9\animationsetgpumanager.obj
e:\peworkspace\build-intermediate\x32\debug\primeengine-win32d3d9\eventmanager.obj
e:\peworkspace\build-intermediate\x32\debug\primeengine-win32d3d9\setperobjectgroupconstantsshaderaction.obj
e:\peworkspace\build-intermediate\x32\debug\primeengine-win32d3d9\mesh.obj
e:\peworkspace\build-intermediate\x32\debug\primeengine-win32d3d9\d3d9_vertexbuffergpu.obj
e:\peworkspace\build-intermediate\x32\debug\primeengine-win32d3d9\vertexbuffergpuinputgeodescs.obj
e:\peworkspace\build-intermediate\x32\debug\primeengine-win32d3d9\standardkeyboardevents.obj
e:\peworkspace\build-intermediate\x32\debug\primeengine-win32d3d9\pointlistcpu.obj
e:\peworkspace\build-intermediate\x32\debug\primeengine-win32d3d9\skinweightscpu.obj
e:\peworkspace\build-intermediate\x32\debug\primeengine-win32d3d9\clientconnectionmanager.obj
e:\peworkspace\build-intermediate\x32\debug\primeengine-win32d3d9\sa_setandbind_constresource_instancedobjectsanimationpalettes.obj
e:\peworkspace\build-intermediate\x32\debug\primeengine-win32d3d9\skeleton.obj
e:\peworkspace\build-intermediate\x32\debug\primeengine-win32d3d9\effect_d3d11.obj
e:\peworkspace\build-intermediate\x32\debug\primeengine-win32d3d9\texture.obj
e:\peworkspace\build-intermediate\x32\debug\primeengine-win32d3d9\gamecontext.obj
e:\peworkspace\build-intermediate\x32\debug\primeengine-win32d3d9\gameobjectmanager.obj
e:\peworkspace\build-intermediate\x32\debug\primeengine-win32d3d9\rainparticlesystemcpu.obj
e:\peworkspace\build-intermediate\x32\debug\primeengine-win32d3d9\mainfunctionargs.obj
e:\peworkspace\build-intermediate\x32\debug\primeengine-win32d3d9\profiling.obj
e:\peworkspace\build-intermediate\x32\debug\primeengine-win32d3d9\defaultanimationsm.obj
e:\peworkspace\build-intermediate\x32\debug\primeengine-win32d3d9\networkable.obj
e:\peworkspace\build-intermediate\x32\debug\primeengine-win32d3d9\pedepthstencilstate.obj
e:\peworkspace\build-intermediate\x32\debug\primeengine-win32d3d9\gputexturemanager.obj
e:\peworkspace\build-intermediate\x32\debug\primeengine-win32d3d9\filewriter.obj
e:\peworkspace\build-intermediate\x32\debug\primeengine-win32d3d9\explosionparticlesystemcpu.obj
e:\peworkspace\build-intermediate\x32\debug\primeengine-win32d3d9\log.obj
e:\peworkspace\build-intermediate\x32\debug\primeengine-win32d3d9\connectionmanager.obj
e:\peworkspace\build-intermediate\x32\debug\primeengine-win32d3d9\sa_copyinto_sysmem_frominstancedobjectsanimationcsreduceresult.obj
e:\peworkspace\build-intermediate\x32\debug\primeengine-win32d3d9\sh_draw.obj
e:\peworkspace\build-intermediate\x32\debug\primeengine-win32d3d9\dx9_keyboardmouse.obj
e:\peworkspace\build-intermediate\x32\debug\primeengine-win32d3d9\bufferinfo.obj
e:\peworkspace\build-intermediate\x32\debug\primeengine-win32d3d9\texture_drawableintodepthtexture.obj
e:\peworkspace\build-intermediate\x32\debug\primeengine-win32d3d9\standardgameevents.obj
e:\peworkspace\build-intermediate\x32\debug\primeengine-win32d3d9\meshcpu.obj
e:\peworkspace\build-intermediate\x32\debug\primeengine-win32d3d9\skeletoncpu.obj
e:\peworkspace\build-intermediate\x32\debug\primeengine-win32d3d9\servernetworkmanager.obj
e:\peworkspace\build-intermediate\x32\debug\primeengine-win32d3d9\renderjob.obj
e:\peworkspace\build-intermediate\x32\debug\primeengine-win32d3d9\textscenenode.obj
e:\peworkspace\build-intermediate\x32\debug\primeengine-win32d3d9\externalpertechniquedata.obj
e:\peworkspace\build-intermediate\x32\debug\primeengine-win32d3d9\texture_drawableintocolortexturewithdepth.obj
e:\peworkspace\build-intermediate\x32\debug\primeengine-win32d3d9\standardevents.obj
e:\peworkspace\build-intermediate\x32\debug\primeengine-win32d3d9\normalbuffercpu.obj
e:\peworkspace\build-intermediate\x32\debug\primeengine-win32d3d9\positionbuffercpumanager.obj
e:\peworkspace\build-intermediate\x32\debug\primeengine-win32d3d9\clientnetworkmanager.obj
e:\peworkspace\build-intermediate\x32\debug\primeengine-win32d3d9\sa_setandbind_constresource_singleobjectanimationpalette.obj
e:\peworkspace\build-intermediate\x32\debug\primeengine-win32d3d9\skeletoninstance.obj
e:\peworkspace\build-intermediate\x32\debug\primeengine-win32d3d9\effect.obj
e:\peworkspace\build-intermediate\x32\debug\primeengine-win32d3d9\ogl_indexbuffergpu.obj
e:\peworkspace\build-intermediate\x32\debug\primeengine-win32d3d9\samplerstate.obj
e:\peworkspace\build-intermediate\x32\debug\primeengine-win32d3d9\eventqueuemanager.obj
e:\peworkspace\build-intermediate\x32\debug\primeengine-win32d3d9\gamethreadjob.obj
e:\peworkspace\build-intermediate\x32\debug\primeengine-win32d3d9\tangentbufercpu.obj
e:\peworkspace\build-intermediate\x32\debug\primeengine-win32d3d9\networkmanager.obj
e:\peworkspace\build-intermediate\x32\debug\primeengine-win32d3d9\sa_setandbind_constresource_perinstancedata.obj
e:\peworkspace\build-intermediate\x32\debug\primeengine-win32d3d9\scenenode.obj
e:\peworkspace\build-intermediate\x32\debug\primeengine-win32d3d9\dx9_xinput.obj
e:\peworkspace\build-intermediate\x32\debug\primeengine-win32d3d9\indexbuffergpu.obj
e:\peworkspace\build-intermediate\x32\debug\primeengine-win32d3d9\timer.obj
e:\peworkspace\build-intermediate\x32\debug\primeengine-win32d3d9\component.obj
e:\peworkspace\build-intermediate\x32\debug\primeengine-win32d3d9\materialsetcpu.obj
e:\peworkspace\build-intermediate\x32\debug\primeengine-win32d3d9\smokeparticlesystemcpu.obj
e:\peworkspace\build-intermediate\x32\debug\primeengine-win32d3d9\memorypool.obj
e:\peworkspace\build-intermediate\x32\debug\primeengine-win32d3d9\d3d9renderer.obj
e:\peworkspace\build-intermediate\x32\debug\primeengine-win32d3d9\shaderaction.obj
e:\peworkspace\build-intermediate\x32\debug\primeengine-win32d3d9\instancingscenenode.obj
e:\peworkspace\build-intermediate\x32\debug\primeengine-win32d3d9\errorhandling.obj
e:\peworkspace\build\primeengine-win32d3d9.lib
e:\peworkspace\build-intermediate\x32\debug\primeengine-win32d3d9\primeeng.0c66e244.tlog\cl.command.1.tlog
e:\peworkspace\build-intermediate\x32\debug\primeengine-win32d3d9\primeeng.0c66e244.tlog\cl.read.1.tlog
e:\peworkspace\build-intermediate\x32\debug\primeengine-win32d3d9\primeeng.0c66e244.tlog\cl.write.1.tlog
e:\peworkspace\build-intermediate\x32\debug\primeengine-win32d3d9\primeeng.0c66e244.tlog\lib-link.read.1.tlog
e:\peworkspace\build-intermediate\x32\debug\primeengine-win32d3d9\primeeng.0c66e244.tlog\lib-link.write.1.tlog
e:\peworkspace\build-intermediate\x32\debug\primeengine-win32d3d9\primeeng.0c66e244.tlog\lib.command.1.tlog
