e:\peworkspace\build-intermediate\x32\debug\charactercontrol-win32d3d9\clientgameobjectmanageraddon.obj
e:\peworkspace\build-intermediate\x32\debug\charactercontrol-win32d3d9\globalregistry.obj
e:\peworkspace\build-intermediate\x32\debug\charactercontrol-win32d3d9\target.obj
e:\peworkspace\build-intermediate\x32\debug\charactercontrol-win32d3d9\soldiernpcmovementsm.obj
e:\peworkspace\build-intermediate\x32\debug\charactercontrol-win32d3d9\clientcharactercontrolgame.obj
e:\peworkspace\build-intermediate\x32\debug\charactercontrol-win32d3d9\soldiernpcbehaviorsm.obj
e:\peworkspace\build-intermediate\x32\debug\charactercontrol-win32d3d9\soldiernpc.obj
e:\peworkspace\build-intermediate\x32\debug\charactercontrol-win32d3d9\servercharactercontrolgame.obj
e:\peworkspace\build-intermediate\x32\debug\charactercontrol-win32d3d9\soldiernpcanimationsm.obj
e:\peworkspace\build-intermediate\x32\debug\charactercontrol-win32d3d9\clientspaceship.obj
e:\peworkspace\build-intermediate\x32\debug\charactercontrol-win32d3d9\events.obj
e:\peworkspace\build-intermediate\x32\debug\charactercontrol-win32d3d9\clientspaceshipcontrols.obj
e:\peworkspace\build-intermediate\x32\debug\charactercontrol-win32d3d9\main.obj
e:\peworkspace\build-intermediate\x32\debug\charactercontrol-win32d3d9\clienttank.obj
e:\peworkspace\build-intermediate\x32\debug\charactercontrol-win32d3d9\gameobjectmanageraddon.obj
e:\peworkspace\build-intermediate\x32\debug\charactercontrol-win32d3d9\servergameobjectmanageraddon.obj
e:\peworkspace\build-intermediate\x32\debug\charactercontrol-win32d3d9\waypoint.obj
e:\peworkspace\build-intermediate\x32\debug\charactercontrol-win32d3d9\vc143.pdb
e:\peworkspace\build\charactercontrol-win32d3d9.exe
e:\peworkspace\build\charactercontrol-win32d3d9.pdb
e:\peworkspace\build-intermediate\x32\debug\charactercontrol-win32d3d9\test.obj
e:\peworkspace\build-intermediate\x32\debug\charactercontrol-win32d3d9\testfunc_c_stdcall.obj
e:\peworkspace\build-intermediate\x32\debug\charactercontrol-win32d3d9\vc143.idb
e:\peworkspace\build-intermediate\x32\debug\charactercontrol-win32d3d9\characte.07f16919.tlog\cl.command.1.tlog
e:\peworkspace\build-intermediate\x32\debug\charactercontrol-win32d3d9\characte.07f16919.tlog\cl.read.1.tlog
e:\peworkspace\build-intermediate\x32\debug\charactercontrol-win32d3d9\characte.07f16919.tlog\cl.write.1.tlog
e:\peworkspace\build-intermediate\x32\debug\charactercontrol-win32d3d9\characte.07f16919.tlog\link.command.1.tlog
e:\peworkspace\build-intermediate\x32\debug\charactercontrol-win32d3d9\characte.07f16919.tlog\link.read.1.tlog
e:\peworkspace\build-intermediate\x32\debug\charactercontrol-win32d3d9\characte.07f16919.tlog\link.write.1.tlog
e:\peworkspace\build-intermediate\x32\debug\charactercontrol-win32d3d9\characte.07f16919.tlog\masm.read.1u.tlog
e:\peworkspace\build-intermediate\x32\debug\charactercontrol-win32d3d9\characte.07f16919.tlog\masm.write.1u.tlog
