e:\peworkspace\build-intermediate\x32\debug\lua_dist-win32d3d9\lapi.obj
e:\peworkspace\build-intermediate\x32\debug\lua_dist-win32d3d9\lobject.obj
e:\peworkspace\build-intermediate\x32\debug\lua_dist-win32d3d9\lundump.obj
e:\peworkspace\build-intermediate\x32\debug\lua_dist-win32d3d9\lcode.obj
e:\peworkspace\build-intermediate\x32\debug\lua_dist-win32d3d9\loslib.obj
e:\peworkspace\build-intermediate\x32\debug\lua_dist-win32d3d9\ltm.obj
e:\peworkspace\build-intermediate\x32\debug\lua_dist-win32d3d9\liolib.obj
e:\peworkspace\build-intermediate\x32\debug\lua_dist-win32d3d9\ldblib.obj
e:\peworkspace\build-intermediate\x32\debug\lua_dist-win32d3d9\lstate.obj
e:\peworkspace\build-intermediate\x32\debug\lua_dist-win32d3d9\lstrlib.obj
e:\peworkspace\build-intermediate\x32\debug\lua_dist-win32d3d9\lmem.obj
e:\peworkspace\build-intermediate\x32\debug\lua_dist-win32d3d9\llex.obj
e:\peworkspace\build-intermediate\x32\debug\lua_dist-win32d3d9\lauxlib.obj
e:\peworkspace\build-intermediate\x32\debug\lua_dist-win32d3d9\lparser.obj
e:\peworkspace\build-intermediate\x32\debug\lua_dist-win32d3d9\ltablib.obj
e:\peworkspace\build-intermediate\x32\debug\lua_dist-win32d3d9\ldebug.obj
e:\peworkspace\build-intermediate\x32\debug\lua_dist-win32d3d9\lzio.obj
e:\peworkspace\build-intermediate\x32\debug\lua_dist-win32d3d9\ldump.obj
e:\peworkspace\build-intermediate\x32\debug\lua_dist-win32d3d9\ltable.obj
e:\peworkspace\build-intermediate\x32\debug\lua_dist-win32d3d9\linit.obj
e:\peworkspace\build-intermediate\x32\debug\lua_dist-win32d3d9\lgc.obj
e:\peworkspace\build-intermediate\x32\debug\lua_dist-win32d3d9\lfunc.obj
e:\peworkspace\build-intermediate\x32\debug\lua_dist-win32d3d9\ldo.obj
e:\peworkspace\build-intermediate\x32\debug\lua_dist-win32d3d9\lvm.obj
e:\peworkspace\build-intermediate\x32\debug\lua_dist-win32d3d9\lmathlib.obj
e:\peworkspace\build-intermediate\x32\debug\lua_dist-win32d3d9\loadlib.obj
e:\peworkspace\build-intermediate\x32\debug\lua_dist-win32d3d9\lbaselib.obj
e:\peworkspace\build-intermediate\x32\debug\lua_dist-win32d3d9\lopcodes.obj
e:\peworkspace\build-intermediate\x32\debug\lua_dist-win32d3d9\lstring.obj
e:\peworkspace\build-intermediate\x32\debug\lua_dist-win32d3d9\print.obj
e:\peworkspace\build\lua_dist-win32d3d9.pdb
e:\peworkspace\build\lua_dist-win32d3d9.lib
e:\peworkspace\build-intermediate\x32\debug\lua_dist-win32d3d9\lua_dist.0ea98f94.tlog\cl.13488.write.1.tlog
e:\peworkspace\build-intermediate\x32\debug\lua_dist-win32d3d9\lua_dist.0ea98f94.tlog\cl.command.1.tlog
e:\peworkspace\build-intermediate\x32\debug\lua_dist-win32d3d9\lua_dist.0ea98f94.tlog\cl.read.1.tlog
e:\peworkspace\build-intermediate\x32\debug\lua_dist-win32d3d9\lua_dist.0ea98f94.tlog\lib-link.read.1.tlog
e:\peworkspace\build-intermediate\x32\debug\lua_dist-win32d3d9\lua_dist.0ea98f94.tlog\lib-link.write.1.tlog
e:\peworkspace\build-intermediate\x32\debug\lua_dist-win32d3d9\lua_dist.0ea98f94.tlog\lib.command.1.tlog
